#
# A fatal error has been detected by the Java Runtime Environment:
#
#  EXCEPTION_ACCESS_VIOLATION (0xc0000005) at pc=0x66a196c3, pid=4996, tid=2456
#
# JRE version: Java(TM) SE Runtime Environment (7.0_80-b15) (build 1.7.0_80-b15)
# Java VM: Java HotSpot(TM) Client VM (24.80-b11 mixed mode windows-x86 )
# Problematic frame:
# C  0x66a196c3
#
# Failed to write core dump. Minidumps are not enabled by default on client versions of Windows
#
# If you would like to submit a bug report, please visit:
#   http://bugreport.java.com/bugreport/crash.jsp
# The crash happened outside the Java Virtual Machine in native code.
# See problematic frame for where to report the bug.
#

---------------  T H R E A D  ---------------

Current thread (0x17dffc00):  JavaThread "Thread-3" [_thread_in_native, id=2456, stack(0x1b8e0000,0x1b930000)]

siginfo: ExceptionCode=0xc0000005, reading address 0x66a196c3

Registers:
EAX=0x1b92f058, EBX=0x018b07e0, ECX=0x1b92f060, EDX=0x0000004d
ESP=0x1b92f020, EBP=0x1b92f040, ESI=0x00000000, EDI=0x018b07e4
EIP=0x66a196c3, EFLAGS=0x00010246

Top of Stack: (sp=0x1b92f020)
0x1b92f020:   773a348a 00010001 00000000 1b92f060
0x1b92f030:   1b92f090 0000000e 00000000 00000000
0x1b92f040:   1b92f098 77b370ee 1b92f058 00000020
0x1b92f050:   1b92f554 77b370a0 00010001 00000000
0x1b92f060:   00000000 00000000 00000780 00000438
0x1b92f070:   1b92f090 66a196c3 773a34af 66a19781
0x1b92f080:   00000000 00000000 66a196c3 1b92f090
0x1b92f090:   018b0820 00000000 1b92f0b0 66a309d1 

Instructions: (pc=0x66a196c3)
0x66a196a3:   
[error occurred during error reporting (printing registers, top of stack, instructions near pc), id 0xc0000005]

Register to memory mapping:

EAX=0x1b92f058 is pointing into the stack for thread: 0x17dffc00
EBX=0x018b07e0 is an unknown value
ECX=0x1b92f060 is pointing into the stack for thread: 0x17dffc00
EDX=0x0000004d is an unknown value
ESP=0x1b92f020 is pointing into the stack for thread: 0x17dffc00
EBP=0x1b92f040 is pointing into the stack for thread: 0x17dffc00
ESI=0x00000000 is an unknown value
EDI=0x018b07e4 is an unknown value


Stack: [0x1b8e0000,0x1b930000],  sp=0x1b92f020,  free space=316k
Native frames: (J=compiled Java code, j=interpreted, Vv=VM code, C=native code)
C  0x66a196c3
C  [ntdll.dll+0x470ee]
C  0x66a309d1

Java frames: (J=compiled Java code, j=interpreted, Vv=VM code)
j  sun.java2d.d3d.D3DSurfaceData.initOps(III)V+0
j  sun.java2d.d3d.D3DSurfaceData.<init>(Lsun/awt/windows/WComponentPeer;Lsun/java2d/d3d/D3DGraphicsConfig;IILjava/awt/Image;Ljava/awt/image/ColorModel;IILsun/java2d/pipe/hw/ExtendedBufferCapabilities$VSyncType;I)V+76
j  sun.java2d.d3d.D3DSurfaceData.createData(Lsun/awt/windows/WComponentPeer;Ljava/awt/Image;)Lsun/java2d/d3d/D3DSurfaceData;+117
j  sun.java2d.d3d.D3DVolatileSurfaceManager.initAcceleratedSurface()Lsun/java2d/SurfaceData;+59
j  sun.java2d.d3d.D3DVolatileSurfaceManager.restoreAcceleratedSurface()V+62
j  sun.awt.image.VolatileSurfaceManager.validate(Ljava/awt/GraphicsConfiguration;)I+94
j  sun.awt.image.SunVolatileImage.validate(Ljava/awt/GraphicsConfiguration;)I+5
j  java.awt.Component$FlipBufferStrategy.revalidate(Z)V+82
j  java.awt.Component$FlipBufferStrategy.revalidate()V+2
j  java.awt.Component$FlipBufferStrategy.getDrawGraphics()Ljava/awt/Graphics;+1
J 202% C1 GAMEWINDOW.run()V (149 bytes) @ 0x01b24a9c [0x01b24a10+0x8c]
j  java.lang.Thread.run()V+11
v  ~StubRoutines::call_stub

---------------  P R O C E S S  ---------------

Java Threads: ( => current thread )
  0x18988000 JavaThread "main" [_thread_blocked, id=3196, stack(0x1b930000,0x1b980000)]
=>0x17dffc00 JavaThread "Thread-3" [_thread_in_native, id=2456, stack(0x1b8e0000,0x1b930000)]
  0x18903400 JavaThread "AWT-EventQueue-0" [_thread_blocked, id=828, stack(0x182e0000,0x18330000)]
  0x188bb800 JavaThread "AWT-Shutdown" [_thread_blocked, id=664, stack(0x18420000,0x18470000)]
  0x0193c400 JavaThread "DestroyJavaVM" [_thread_blocked, id=5932, stack(0x01280000,0x012d0000)]
  0x17d0ac00 JavaThread "BlueJ worker thread" [_thread_blocked, id=5944, stack(0x18030000,0x18080000)]
  0x17d04400 JavaThread "Java2D Disposer" daemon [_thread_blocked, id=1264, stack(0x18380000,0x183d0000)]
  0x17c5dc00 JavaThread "Service Thread" daemon [_thread_blocked, id=5292, stack(0x181d0000,0x18220000)]
  0x17c5b400 JavaThread "C1 CompilerThread0" daemon [_thread_blocked, id=4876, stack(0x17fe0000,0x18030000)]
  0x17c4d400 JavaThread "JDWP Command Reader" daemon [_thread_in_native, id=2816, stack(0x17e50000,0x17ea0000)]
  0x17c49800 JavaThread "JDWP Event Helper Thread" daemon [_thread_blocked, id=2464, stack(0x18090000,0x180e0000)]
  0x17c47000 JavaThread "JDWP Transport Listener: dt_shmem" daemon [_thread_blocked, id=3760, stack(0x03b50000,0x03ba0000)]
  0x17c3bc00 JavaThread "Attach Listener" daemon [_thread_blocked, id=512, stack(0x17f90000,0x17fe0000)]
  0x17c38800 JavaThread "Signal Dispatcher" daemon [_thread_blocked, id=1268, stack(0x03a60000,0x03ab0000)]
  0x17c0a400 JavaThread "Finalizer" daemon [_thread_blocked, id=4392, stack(0x17ec0000,0x17f10000)]
  0x17c05400 JavaThread "Reference Handler" daemon [_thread_blocked, id=3444, stack(0x03ad0000,0x03b20000)]

Other Threads:
  0x17c02800 VMThread [stack: 0x03ba0000,0x03bf0000] [id=3120]
  0x17c68400 WatcherThread [stack: 0x18280000,0x182d0000] [id=5252]

VM state:not at safepoint (normal execution)

VM Mutex/Monitor currently owned by a thread: None

Heap
 def new generation   total 4928K, used 2309K [0x03c00000, 0x04150000, 0x09150000)
  eden space 4416K,  40% used [0x03c00000, 0x03dc14c0, 0x04050000)
  from space 512K, 100% used [0x040d0000, 0x04150000, 0x04150000)
  to   space 512K,   0% used [0x04050000, 0x04050000, 0x040d0000)
 tenured generation   total 10944K, used 1011K [0x09150000, 0x09c00000, 0x13c00000)
   the space 10944K,   9% used [0x09150000, 0x0924cec0, 0x0924d000, 0x09c00000)
 compacting perm gen  total 12288K, used 6177K [0x13c00000, 0x14800000, 0x17c00000)
   the space 12288K,  50% used [0x13c00000, 0x14208700, 0x14208800, 0x14800000)
No shared spaces configured.

Card table byte_map: [0x01750000,0x01800000] byte_map_base: 0x01732000

Polling page: 0x01250000

Code Cache  [0x01a40000, 0x01b30000, 0x03a40000)
 total_blobs=434 nmethods=224 adapters=155 free_code_cache=31830Kb largest_free_block=32594240

Compilation events (10 events):
Event: 189.416 Thread 0x17c5b400  220             sun.awt.image.VolatileSurfaceManager::getPrimarySurfaceData (5 bytes)
Event: 189.416 Thread 0x17c5b400 nmethod 220 0x01b297c8 code [0x01b298c0, 0x01b29940]
Event: 189.509 Thread 0x17c5b400  221             java.awt.Component$FlipBufferStrategy::getBackBuffer (33 bytes)
Event: 189.510 Thread 0x17c5b400 nmethod 221 0x01b29988 code [0x01b29aa0, 0x01b29bc8]
Event: 189.510 Thread 0x17c5b400  222  s          sun.awt.windows.WComponentPeer::getBackBuffer (21 bytes)
Event: 189.510 Thread 0x17c5b400 nmethod 222 0x01b29cc8 code [0x01b29de0, 0x01b2a02c]
Event: 190.866 Thread 0x17c5b400  223             sun.java2d.SurfaceData::pixelFor (13 bytes)
Event: 190.867 Thread 0x17c5b400 nmethod 223 0x01b2a108 code [0x01b2a210, 0x01b2a2cc]
Event: 191.234 Thread 0x17c5b400  224             sun.util.logging.PlatformLogger$DefaultLoggerProxy::isLoggable (29 bytes)
Event: 191.235 Thread 0x17c5b400 nmethod 224 0x01b2a388 code [0x01b2a490, 0x01b2a590]

GC Heap History (2 events):
Event: 177.818 GC heap before
{Heap before GC invocations=0 (full 0):
 def new generation   total 4928K, used 4416K [0x03c00000, 0x04150000, 0x09150000)
  eden space 4416K, 100% used [0x03c00000, 0x04050000, 0x04050000)
  from space 512K,   0% used [0x04050000, 0x04050000, 0x040d0000)
  to   space 512K,   0% used [0x040d0000, 0x040d0000, 0x04150000)
 tenured generation   total 10944K, used 0K [0x09150000, 0x09c00000, 0x13c00000)
   the space 10944K,   0% used [0x09150000, 0x09150000, 0x09150200, 0x09c00000)
 compacting perm gen  total 12288K, used 6168K [0x13c00000, 0x14800000, 0x17c00000)
   the space 12288K,  50% used [0x13c00000, 0x14206080, 0x14206200, 0x14800000)
No shared spaces configured.
Event: 177.830 GC heap after
Heap after GC invocations=1 (full 0):
 def new generation   total 4928K, used 512K [0x03c00000, 0x04150000, 0x09150000)
  eden space 4416K,   0% used [0x03c00000, 0x03c00000, 0x04050000)
  from space 512K, 100% used [0x040d0000, 0x04150000, 0x04150000)
  to   space 512K,   0% used [0x04050000, 0x04050000, 0x040d0000)
 tenured generation   total 10944K, used 1011K [0x09150000, 0x09c00000, 0x13c00000)
   the space 10944K,   9% used [0x09150000, 0x0924cec0, 0x0924d000, 0x09c00000)
 compacting perm gen  total 12288K, used 6168K [0x13c00000, 0x14800000, 0x17c00000)
   the space 12288K,  50% used [0x13c00000, 0x14206080, 0x14206200, 0x14800000)
No shared spaces configured.
}

Deoptimization events (0 events):
No events

Internal exceptions (10 events):
Event: 177.718 Thread 0x17cd0000 Threw 0x03f0b3f0 at C:\re\jdk7u80\2329\hotspot\src\share\vm\prims\jvm.cpp:1319
Event: 177.755 Thread 0x18903400 Threw 0x03eae5b8 at C:\re\jdk7u80\2329\hotspot\src\share\vm\prims\jvm.cpp:1319
Event: 177.760 Thread 0x18903400 Threw 0x03f78058 at C:\re\jdk7u80\2329\hotspot\src\share\vm\prims\jvm.cpp:1319
Event: 177.762 Thread 0x18903400 Threw 0x03f8ef98 at C:\re\jdk7u80\2329\hotspot\src\share\vm\prims\jvm.cpp:1319
Event: 177.763 Thread 0x18903400 Threw 0x03f945e0 at C:\re\jdk7u80\2329\hotspot\src\share\vm\prims\jvm.cpp:1319
Event: 177.764 Thread 0x18903400 Threw 0x03f96158 at C:\re\jdk7u80\2329\hotspot\src\share\vm\prims\jvm.cpp:1319
Event: 177.766 Thread 0x18903400 Threw 0x03f98400 at C:\re\jdk7u80\2329\hotspot\src\share\vm\prims\jvm.cpp:1319
Event: 177.804 Thread 0x18903400 Threw 0x03fa2420 at C:\re\jdk7u80\2329\hotspot\src\share\vm\prims\jvm.cpp:1319
Event: 177.805 Thread 0x18903400 Threw 0x04003f00 at C:\re\jdk7u80\2329\hotspot\src\share\vm\prims\jvm.cpp:1319
Event: 177.805 Thread 0x18903400 Threw 0x04006008 at C:\re\jdk7u80\2329\hotspot\src\share\vm\prims\jvm.cpp:1319

Events (10 events):
Event: 191.235 loading class 0x0199b370
Event: 191.235 loading class 0x17c6fad8
Event: 191.235 loading class 0x0199b318
Event: 191.235 loading class 0x17c6fad8 done
Event: 191.235 loading class 0x0199b318 done
Event: 191.235 loading class 0x0199b370 done
Event: 191.236 Thread 0x18989000 Thread exited: 0x18989000
Event: 191.237 Thread 0x18988c00 Thread exited: 0x18988c00
Event: 191.237 Executing VM operation: RevokeBias
Event: 191.237 Executing VM operation: RevokeBias done


Dynamic libraries:
0x01320000 - 0x0134f000 	C:\Program Files\Java\jdk1.7.0_80\jre\bin\java.exe
0x77af0000 - 0x77c31000 	C:\Windows\SYSTEM32\ntdll.dll
0x77980000 - 0x77a54000 	C:\Windows\system32\kernel32.dll
0x75d70000 - 0x75dbb000 	C:\Windows\system32\KERNELBASE.dll
0x76210000 - 0x762b1000 	C:\Windows\system32\ADVAPI32.dll
0x77460000 - 0x7750c000 	C:\Windows\system32\msvcrt.dll
0x77d20000 - 0x77d39000 	C:\Windows\SYSTEM32\sechost.dll
0x77c60000 - 0x77d02000 	C:\Windows\system32\RPCRT4.dll
0x77390000 - 0x77459000 	C:\Windows\system32\USER32.dll
0x76360000 - 0x763ae000 	C:\Windows\system32\GDI32.dll
0x77c50000 - 0x77c5a000 	C:\Windows\system32\LPK.dll
0x762c0000 - 0x7635d000 	C:\Windows\system32\USP10.dll
0x74690000 - 0x7482e000 	C:\Windows\WinSxS\x86_microsoft.windows.common-controls_6595b64144ccf1df_6.0.7601.18837_none_41e855142bd5705d\COMCTL32.dll
0x763e0000 - 0x76437000 	C:\Windows\system32\SHLWAPI.dll
0x75eb0000 - 0x75ecf000 	C:\Windows\system32\IMM32.DLL
0x75ed0000 - 0x75f9c000 	C:\Windows\system32\MSCTF.dll
0x758c0000 - 0x75933000 	C:\Windows\system32\guard32.dll
0x76030000 - 0x7618c000 	C:\Windows\system32\ole32.dll
0x758b0000 - 0x758b9000 	C:\Windows\system32\VERSION.dll
0x77380000 - 0x77385000 	C:\Windows\system32\PSAPI.DLL
0x758a0000 - 0x758a7000 	C:\Windows\system32\fltlib.dll
0x5b690000 - 0x5b74f000 	C:\Program Files\Java\jdk1.7.0_80\jre\bin\msvcr100.dll
0x59130000 - 0x594bb000 	C:\Program Files\Java\jdk1.7.0_80\jre\bin\client\jvm.dll
0x6c6f0000 - 0x6c6f7000 	C:\Windows\system32\WSOCK32.dll
0x77940000 - 0x77975000 	C:\Windows\system32\WS2_32.dll
0x77c40000 - 0x77c46000 	C:\Windows\system32\NSI.dll
0x74d40000 - 0x74d72000 	C:\Windows\system32\WINMM.dll
0x5bc50000 - 0x5bc5c000 	C:\Program Files\Java\jdk1.7.0_80\jre\bin\verify.dll
0x5ac60000 - 0x5ac81000 	C:\Program Files\Java\jdk1.7.0_80\jre\bin\java.dll
0x6eb30000 - 0x6eb5a000 	C:\Program Files\Java\jdk1.7.0_80\jre\bin\jdwp.dll
0x73d10000 - 0x73d17000 	C:\Program Files\Java\jdk1.7.0_80\jre\bin\npt.dll
0x5ae90000 - 0x5aea3000 	C:\Program Files\Java\jdk1.7.0_80\jre\bin\zip.dll
0x62670000 - 0x62679000 	C:\Program Files\Java\jdk1.7.0_80\jre\bin\dt_shmem.dll
0x58fe0000 - 0x59123000 	C:\Program Files\Java\jdk1.7.0_80\jre\bin\awt.dll
0x77a60000 - 0x77aef000 	C:\Windows\system32\OLEAUT32.dll
0x74510000 - 0x74550000 	C:\Windows\system32\uxtheme.dll
0x740c0000 - 0x740d3000 	C:\Windows\system32\dwmapi.dll
0x759b0000 - 0x759bc000 	C:\Windows\system32\CRYPTBASE.dll
0x75430000 - 0x75447000 	C:\Windows\system32\CRYPTSP.dll
0x751d0000 - 0x7520b000 	C:\Windows\system32\rsaenh.dll
0x75ce0000 - 0x75cf7000 	C:\Windows\system32\USERENV.dll
0x75ae0000 - 0x75aeb000 	C:\Windows\system32\profapi.dll
0x5ac40000 - 0x5ac54000 	C:\Program Files\Java\jdk1.7.0_80\jre\bin\net.dll
0x753f0000 - 0x7542c000 	C:\Windows\system32\mswsock.dll
0x753e0000 - 0x753e6000 	C:\Windows\System32\wship6.dll
0x74e80000 - 0x74e9c000 	C:\Windows\system32\IPHLPAPI.DLL
0x74e70000 - 0x74e77000 	C:\Windows\system32\WINNSI.DLL
0x72e90000 - 0x72ea2000 	C:\Windows\system32\dhcpcsvc.DLL
0x72f40000 - 0x72f4d000 	C:\Windows\system32\dhcpcsvc6.DLL
0x5bc40000 - 0x5bc4f000 	C:\Program Files\Java\jdk1.7.0_80\jre\bin\nio.dll
0x76730000 - 0x7737b000 	C:\Windows\system32\SHELL32.dll
0x5a300000 - 0x5a339000 	C:\Program Files\Java\jdk1.7.0_80\jre\bin\fontmanager.dll
0x5abd0000 - 0x5abda000 	C:\Program Files\Java\jdk1.7.0_80\jre\bin\management.dll
0x735f0000 - 0x73600000 	C:\Windows\system32\NLAapi.dll
0x66fa0000 - 0x66fb0000 	C:\Windows\system32\napinsp.dll
0x66c20000 - 0x66c32000 	C:\Windows\system32\pnrpnsp.dll
0x752b0000 - 0x752f4000 	C:\Windows\system32\DNSAPI.dll
0x66bf0000 - 0x66bf8000 	C:\Windows\System32\winrnr.dll
0x74f50000 - 0x74f55000 	C:\Windows\System32\wshtcpip.dll
0x6c6e0000 - 0x6c6e6000 	C:\Windows\system32\rasadhlp.dll
0x72f00000 - 0x72f38000 	C:\Windows\System32\fwpuclnt.dll
0x75960000 - 0x759ac000 	C:\Windows\system32\apphelp.dll
0x74d80000 - 0x74e6b000 	C:\Windows\system32\dbghelp.dll

VM Arguments:
jvm_args: -ea -Djavafx.macosx.embedded=true -agentlib:jdwp=transport=dt_shmem,address=javadebug -Dfile.encoding=UTF-8 
java_command: bluej.runtime.ExecServer UTF-8
Launcher Type: SUN_STANDARD

Environment Variables:
PATH=C:\Windows\system32;C:\Windows;C:\Windows\System32\Wbem;C:\Windows\System32\WindowsPowerShell\v1.0\;C:\Windows\System32\WindowsPowerShell\v1.0\
USERNAME=Kau
OS=Windows_NT
PROCESSOR_IDENTIFIER=x86 Family 6 Model 15 Stepping 6, GenuineIntel



---------------  S Y S T E M  ---------------

OS: Windows 7 Build 7601 Service Pack 1

CPU:total 2 (2 cores per cpu, 1 threads per core) family 6 model 15 stepping 6, cmov, cx8, fxsr, mmx, sse, sse2, sse3, ssse3, tsc

Memory: 4k page, physical 3127344k(2161100k free), swap 6252960k(4806872k free)

vm_info: Java HotSpot(TM) Client VM (24.80-b11) for windows-x86 JRE (1.7.0_80-b15), built on Apr 10 2015 13:33:35 by "java_re" with unknown MS VC++:1600

time: Wed Aug 12 18:47:37 2015
elapsed time: 191 seconds

